<?xml version="1.0" encoding="UTF-8"?>
<testsuite name="com.affise.tests.Advertisers.AddAdvertiser" tests="1" skipped="0" failures="0" errors="0" timestamp="2020-03-04T15:50:52" hostname="shmakovs-mbp" time="1.116">
  <properties/>
  <testcase name="salesWriteAdvert" classname="com.affise.tests.Advertisers.AddAdvertiser" time="1.116"/>
  <system-out><![CDATA[Request URI:	http://api.dev.affise.com/3.1/user/5e5fce5c81518d445c892737/permissions
Request method:	POST
Request params:	<none>
Query params:	<none>
Form params:	<none>
Path params:	<none>
Multiparts:		<none>
Headers:		API-KEY=f20a8d4ed68ea0ea2212791ccf09d75f
				Accept=*/*
				Content-Type=application/json; charset=UTF-8
Body:
{
    "permissions": {
        "users": {
            "entity-advertiser": {
                "level": "write",
                "exceptions": {
                    
                }
            }
        }
    }
}
Request URI:	http://api.dev.affise.com/3.0/admin/advertiser
Request method:	POST
Request params:	<none>
Query params:	<none>
Form params:	title=Alonso Murazik
				email=velia.stiedemann@yahoo.com
Path params:	<none>
Multiparts:		<none>
Headers:		API-KEY=71ac9fdd4af00fdc986179e8d40b4c37
				Accept=*/*
				Content-Type=application/x-www-form-urlencoded; charset=ISO-8859-1
Body:			<none>
]]></system-out>
  <system-err><![CDATA[]]></system-err>
</testsuite>
