<?xml version="1.0" encoding="UTF-8"?>
<testsuite name="com.affise.tests.Affiliates" tests="1" skipped="0" failures="0" errors="0" timestamp="2020-02-20T13:32:40" hostname="Shmakovs-MBP" time="4.425">
  <properties/>
  <testcase name="createAffiliatePhp" classname="com.affise.tests.Affiliates" time="4.425"/>
  <system-out><![CDATA[Request URI:	http://api.dev.affise.com/3.0/admin/partner
Request method:	POST
Request params:	<none>
Query params:	<none>
Form params:	password=esefc52j0
				email=jacinto.rogahn@hotmail.com
Path params:	<none>
Multiparts:		<none>
Headers:		api-key=f87d35d9e7ed3fe153ce95b259133019
				Accept=*/*
				Content-Type=application/x-www-form-urlencoded; charset=ISO-8859-1
Body:			<none>
]]></system-out>
  <system-err><![CDATA[]]></system-err>
</testsuite>
